<?xml version="1.0" encoding="UTF-8"?>
<testng-results ignored="0" total="1" passed="1" failed="0" skipped="0">
  <reporter-output>
  </reporter-output>
  <suite started-at="2024-07-30T12:25:57 IST" name="Default suite" finished-at="2024-07-30T12:26:51 IST" duration-ms="54253">
    <groups>
    </groups>
    <test started-at="2024-07-30T12:25:57 IST" name="Default test" finished-at="2024-07-30T12:26:51 IST" duration-ms="54253">
      <class name="Hybrid_app.generalStore">
        <test-method is-config="true" signature="setup()[pri:0, instance:Hybrid_app.generalStore@ffaa6af]" started-at="2024-07-30T12:25:57 IST" name="setup" finished-at="2024-07-30T12:26:36 IST" duration-ms="39245" status="PASS">
          <reporter-output>
          </reporter-output>
        </test-method> <!-- setup -->
        <test-method signature="login()[pri:0, instance:Hybrid_app.generalStore@ffaa6af]" started-at="2024-07-30T12:26:36 IST" name="login" finished-at="2024-07-30T12:26:51 IST" duration-ms="14867" status="PASS">
          <reporter-output>
          </reporter-output>
        </test-method> <!-- login -->
      </class> <!-- Hybrid_app.generalStore -->
    </test> <!-- Default test -->
  </suite> <!-- Default suite -->
</testng-results>
